%!Adobe-FontList 1.13
%Locale:0x409

%BeginFont
Handler:DirectoryHandler
FontType:Type1
FontName:HelveticaNeueLTPro-BlkIt
FamilyName:Helvetica Neue LT Pro
StyleName:96 Black Italic
MenuName:HelveticaNeueLT Pro 96 BlkIt
StyleBits:0
WeightClass:900
WidthClass:5
AngleClass:0
FullName:Helvetica Neue LT Pro 96 Black Italic
WritingScript:Roman
OutlineFileName:\HelveticaNeueLTPro-BlkIt.otf
DataFormat:sfntData
UsesStandardEncoding:yes
isCFF:yes
FileLength:48384
FileModTime:1207544078
%EndFont

%BeginFont
Handler:DirectoryHandler
FontType:Type1
FontName:HelveticaNeueLTPro-CnO
FamilyName:Helvetica Neue LT Pro
StyleName:57 Condensed Oblique
MenuName:HelveticaNeueLT Pro 57 CnO
StyleBits:0
WeightClass:400
WidthClass:5
AngleClass:0
FullName:Helvetica Neue LT Pro 57 Condensed Oblique
WritingScript:Roman
OutlineFileName:\HelveticaNeueLTPro-CnO.otf
DataFormat:sfntData
UsesStandardEncoding:yes
isCFF:yes
FileLength:48692
FileModTime:1207544078
%EndFont

%BeginFont
Handler:DirectoryHandler
FontType:Type1
FontName:HelveticaNeueLTPro-Lt
FamilyName:Helvetica Neue LT Pro
StyleName:45 Light
MenuName:HelveticaNeueLT Pro 45 Lt
StyleBits:0
WeightClass:300
WidthClass:5
AngleClass:0
FullName:Helvetica Neue LT Pro 45 Light
WritingScript:Roman
OutlineFileName:\HelveticaNeueLTPro-Lt.otf
DataFormat:sfntData
UsesStandardEncoding:yes
isCFF:yes
FileLength:47948
FileModTime:1207544078
%EndFont

%BeginFont
Handler:DirectoryHandler
FontType:Type1
FontName:HelveticaNeueLTPro-Roman
FamilyName:Helvetica Neue LT Pro
StyleName:55 Roman
MenuName:HelveticaNeueLT Pro 55 Roman
StyleBits:0
WeightClass:400
WidthClass:5
AngleClass:0
FullName:Helvetica Neue LT Pro 55 Roman
WritingScript:Roman
OutlineFileName:\HelveticaNeueLTPro-Roman.otf
DataFormat:sfntData
UsesStandardEncoding:yes
isCFF:yes
FileLength:48408
FileModTime:1207544078
%EndFont

%BeginFont
Handler:DirectoryHandler
FontType:Type1
FontName:HelveticaNeueLTPro-UltLt
FamilyName:Helvetica Neue LT Pro
StyleName:25 Ultra Light
MenuName:HelveticaNeueLT Pro 25 UltLt
StyleBits:0
WeightClass:275
WidthClass:5
AngleClass:0
FullName:Helvetica Neue LT Pro 25 Ultra Light
WritingScript:Roman
OutlineFileName:\HelveticaNeueLTPro-UltLt.otf
DataFormat:sfntData
UsesStandardEncoding:yes
isCFF:yes
FileLength:48368
FileModTime:1207544078
%EndFont

%BeginFont
Handler:DirectoryHandler
FontType:Type1
FontName:HelveticaNeueLTPro-Blk
FamilyName:Helvetica Neue LT Pro
StyleName:95 Black
MenuName:HelveticaNeueLT Pro 95 Blk
StyleBits:0
WeightClass:900
WidthClass:5
AngleClass:0
FullName:Helvetica Neue LT Pro 95 Black
WritingScript:Roman
OutlineFileName:\HelveticaNeueLTPro-Blk.otf
DataFormat:sfntData
UsesStandardEncoding:yes
isCFF:yes
FileLength:47968
FileModTime:1207544078
%EndFont

%BeginFont
Handler:DirectoryHandler
FontType:Type1
FontName:TektonPro-BoldObl
FamilyName:Tekton Pro
StyleName:Bold Oblique
MenuName:Tekton Pro
StyleBits:3
WeightClass:700
WidthClass:5
AngleClass:1
FullName:Tekton Pro Bold Oblique
WritingScript:Roman
OutlineFileName:\TektonPro-BoldObl.otf
DataFormat:sfntData
UsesStandardEncoding:yes
isCFF:yes
FileLength:111360
FileModTime:1343319819
DesignSize:160
%EndFont

%BeginFont
Handler:DirectoryHandler
FontType:Type1
FontName:HelveticaNeueLTPro-Hv
FamilyName:Helvetica Neue LT Pro
StyleName:85 Heavy
MenuName:HelveticaNeueLT Pro 85 Hv
StyleBits:0
WeightClass:750
WidthClass:5
AngleClass:0
FullName:Helvetica Neue LT Pro 85 Heavy
WritingScript:Roman
OutlineFileName:\HelveticaNeueLTPro-Hv.otf
DataFormat:sfntData
UsesStandardEncoding:yes
isCFF:yes
FileLength:48992
FileModTime:1207544078
%EndFont

%BeginFont
Handler:DirectoryHandler
FontType:Type1
FontName:HelveticaNeueLTPro-BdIt
FamilyName:Helvetica Neue LT Pro
StyleName:76 Bold Italic
MenuName:HelveticaNeueLT Pro 76 BdIt
StyleBits:0
WeightClass:700
WidthClass:5
AngleClass:0
FullName:Helvetica Neue LT Pro 76 Bold Italic
WritingScript:Roman
OutlineFileName:\HelveticaNeueLTPro-BdIt.otf
DataFormat:sfntData
UsesStandardEncoding:yes
isCFF:yes
FileLength:47432
FileModTime:1207544078
%EndFont

%BeginFont
Handler:DirectoryHandler
FontType:Type1
FontName:HelveticaNeueLTPro-BdCnO
FamilyName:Helvetica Neue LT Pro
StyleName:77 Bold Condensed Oblique
MenuName:HelveticaNeueLT Pro 77 BdCnO
StyleBits:0
WeightClass:700
WidthClass:5
AngleClass:0
FullName:Helvetica Neue LT Pro 77 Bold Condensed Oblique
WritingScript:Roman
OutlineFileName:\HelveticaNeueLTPro-BdCnO.otf
DataFormat:sfntData
UsesStandardEncoding:yes
isCFF:yes
FileLength:48592
FileModTime:1207544078
%EndFont

%BeginFont
Handler:DirectoryHandler
FontType:TrueType
FontName:ZapfDingbatsITC
FamilyName:Zapf Dingbats
StyleName:Regular
MenuName:Zapf Dingbats
StyleBits:0
WeightClass:400
WidthClass:5
AngleClass:0
FullName:Zapf Dingbats
WritingScript:Roman
OutlineFileName:\ZapfDingbats.ttf
DataFormat:sfntData
FileLength:154496
FileModTime:1280962900
%EndFont

%BeginFont
Handler:DirectoryHandler
FontType:Type1
FontName:HelveticaNeueLTPro-BlkExO
FamilyName:Helvetica Neue LT Pro
StyleName:93 Black Extended Oblique
MenuName:HelveticaNeueLT Pro 93 BlkExO
StyleBits:0
WeightClass:900
WidthClass:5
AngleClass:0
FullName:Helvetica Neue LT Pro 93 Black Extended Oblique
WritingScript:Roman
OutlineFileName:\HelveticaNeueLTPro-BlkExO.otf
DataFormat:sfntData
UsesStandardEncoding:yes
isCFF:yes
FileLength:47524
FileModTime:1207544080
%EndFont

%BeginFont
Handler:DirectoryHandler
FontType:Type1
FontName:HelveticaNeueLTPro-It
FamilyName:Helvetica Neue LT Pro
StyleName:56 Italic
MenuName:HelveticaNeueLT Pro 56 It
StyleBits:0
WeightClass:400
WidthClass:5
AngleClass:0
FullName:Helvetica Neue LT Pro 56 Italic
WritingScript:Roman
OutlineFileName:\HelveticaNeueLTPro-It.otf
DataFormat:sfntData
UsesStandardEncoding:yes
isCFF:yes
FileLength:48044
FileModTime:1207544078
%EndFont

%BeginFont
Handler:DirectoryHandler
FontType:Type1
FontName:HelveticaNeueLTPro-Cn
FamilyName:Helvetica Neue LT Pro
StyleName:57 Condensed
MenuName:HelveticaNeueLT Pro 57 Cn
StyleBits:0
WeightClass:400
WidthClass:5
AngleClass:0
FullName:Helvetica Neue LT Pro 57 Condensed
WritingScript:Roman
OutlineFileName:\HelveticaNeueLTPro-Cn.otf
DataFormat:sfntData
UsesStandardEncoding:yes
isCFF:yes
FileLength:49468
FileModTime:1207544078
%EndFont

%BeginFont
Handler:DirectoryHandler
FontType:Type1
FontName:HelveticaNeueLTPro-Bd
FamilyName:Helvetica Neue LT Pro
StyleName:75 Bold
MenuName:HelveticaNeueLT Pro 75 Bd
StyleBits:0
WeightClass:700
WidthClass:5
AngleClass:0
FullName:Helvetica Neue LT Pro 75 Bold
WritingScript:Roman
OutlineFileName:\HelveticaNeueLTPro-Bd.otf
DataFormat:sfntData
UsesStandardEncoding:yes
isCFF:yes
FileLength:48860
FileModTime:1207544078
%EndFont

%BeginFont
Handler:DirectoryHandler
FontType:Type1
FontName:HelveticaNeueLTPro-UltLtIt
FamilyName:Helvetica Neue LT Pro
StyleName:26 Ultra Light Italic
MenuName:HelveticaNeueLT Pro 26 UltLtIt
StyleBits:0
WeightClass:275
WidthClass:5
AngleClass:0
FullName:Helvetica Neue LT Pro 26 Ultra Light Italic
WritingScript:Roman
OutlineFileName:\HelveticaNeueLTPro-UltLtIt.otf
DataFormat:sfntData
UsesStandardEncoding:yes
isCFF:yes
FileLength:48296
FileModTime:1207544078
%EndFont

